<!DOCTYPE html PUBLIC "-//W3C//DTD XHTML 1.1//EN" "http://www.w3.org/TR/xhtml11/DTD/xhtml11.dtd">
<html xmlns="http://www.w3.org/1999/xhtml">
<head>
<meta http-equiv="content-type" content="text/html; charset=UTF-8"/>
<title>TestNG Report</title>
<style type="text/css">table {margin-bottom:10px;border-collapse:collapse;empty-cells:show}th,td {border:1px solid #009;padding:.25em .5em}th {vertical-align:bottom}td {vertical-align:top}table a {font-weight:bold}.stripe td {background-color: #E6EBF9}.num {text-align:right}.passedodd td {background-color: #3F3}.passedeven td {background-color: #0A0}.skippedodd td {background-color: #DDD}.skippedeven td {background-color: #CCC}.failedodd td,.attn {background-color: #F33}.failedeven td,.stripe .attn {background-color: #D00}.stacktrace {white-space:pre;font-family:monospace}.totop {font-size:85%;text-align:center;border-bottom:2px solid #000}.invisible {display:none}</style>
</head>
<body>
<table>
<tr><th>Test</th><th># Passed</th><th># Skipped</th><th># Retried</th><th># Failed</th><th>Time (ms)</th><th>Included Groups</th><th>Excluded Groups</th></tr>
<tr><th colspan="8">AT_Suite</th></tr>
<tr><td><a href="#t0">Test</a></td><td class="num">3</td><td class="num">0</td><td class="num">0</td><td class="num attn">6</td><td class="num">530,637</td><td></td><td></td></tr>
</table>
<table id='summary'><thead><tr><th>Class</th><th>Method</th><th>Start</th><th>Time (ms)</th></tr></thead><tbody><tr><th colspan="4">AT_Suite</th></tr></tbody><tbody id="t0"><tr><th colspan="4">Test &#8212; failed</th></tr><tr class="failedeven"><td rowspan="2">AP_TestCases.AP_RegressionTest</td><td><a href="#m0">AT_01_NewAccount</a></td><td rowspan="2">1591213168106</td><td rowspan="2">26887</td></tr><tr class="failedeven"><td><a href="#m1">AT_01_NewAccount</a></td></tr><tr class="failedodd"><td rowspan="1">WT_Testcases.ExtentDemo</td><td><a href="#m2">myCase</a></td><td rowspan="1">1591213320993</td><td rowspan="1">41273</td></tr><tr class="failedeven"><td rowspan="1">WT_Testcases.ExtentDemo2</td><td><a href="#m3">myCase</a></td><td rowspan="1">1591213389102</td><td rowspan="1">41254</td></tr><tr class="failedodd"><td rowspan="2">WT_Testcases.WT_RegressionTest</td><td><a href="#m4">WT_Register</a></td><td rowspan="1">1591213467130</td><td rowspan="1">41273</td></tr><tr class="failedodd"><td><a href="#m5">myCase</a></td><td rowspan="1">1591213538999</td><td rowspan="1">41283</td></tr><tr><th colspan="4">Test &#8212; passed</th></tr><tr class="passedeven"><td rowspan="3">AP_TestCases.AP_RegressionTest</td><td><a href="#m6">AT_01_NewAccount</a></td><td rowspan="3">1591213084426</td><td rowspan="3">9975</td></tr><tr class="passedeven"><td><a href="#m7">AT_01_NewAccount</a></td></tr><tr class="passedeven"><td><a href="#m8">AT_01_NewAccount</a></td></tr></tbody>
</table>
<h2>Test</h2><h3 id="m0">AP_TestCases.AP_RegressionTest#AT_01_NewAccount</h3><table class="result"><tr class="param"><th>Parameter #1</th></tr><tr class="param stripe"><td>{emailaddress=s@s.com, gender=male, firstname=sumit, lastname=raut, password=pwd}</td></tr><tr><th>Exception</th></tr><tr><td><div class="stacktrace">org.openqa.selenium.TimeoutException: Expected condition failed: waiting for visibility of element located by By.xpath: //*[contains(text(),&apos;Your personal information&apos;)] (tried for 20 second(s) with 500 milliseconds interval)
	at org.openqa.selenium.support.ui.WebDriverWait.timeoutException(WebDriverWait.java:95)
	at org.openqa.selenium.support.ui.FluentWait.until(FluentWait.java:272)
	at Utilities.ElementUtil.waitForElementVisibilityByLocator(ElementUtil.java:70)
	at AP_Pages.AP_AccountCreation.verifyAP_AccountCreation_Visible(AP_AccountCreation.java:25)
	at AP_TestCases.AP_RegressionTest.AT_01_NewAccount(AP_RegressionTest.java:54)
	at java.util.ArrayList.forEach(ArrayList.java:1257)
Caused by: org.openqa.selenium.NoSuchElementException: no such element: Unable to locate element: {&quot;method&quot;:&quot;xpath&quot;,&quot;selector&quot;:&quot;//*[contains(text(),&apos;Your personal information&apos;)]&quot;}
  (Session info: chrome=83.0.4103.61)
For documentation on this error, please visit: https://www.seleniumhq.org/exceptions/no_such_element.html
Build info: version: &apos;3.141.59&apos;, revision: &apos;e82be7d358&apos;, time: &apos;2018-11-14T08:17:03&apos;
System info: host: &apos;DESKTOP-G0D562V&apos;, ip: &apos;192.168.0.8&apos;, os.name: &apos;Windows 10&apos;, os.arch: &apos;amd64&apos;, os.version: &apos;10.0&apos;, java.version: &apos;1.8.0_211&apos;
Driver info: org.openqa.selenium.chrome.ChromeDriver
Capabilities {acceptInsecureCerts: false, browserName: chrome, browserVersion: 83.0.4103.61, chrome: {chromedriverVersion: 83.0.4103.39 (ccbf011cb2d2b..., userDataDir: C:\Users\sunshine\AppData\L...}, goog:chromeOptions: {debuggerAddress: localhost:59851}, javascriptEnabled: true, networkConnectionEnabled: false, pageLoadStrategy: normal, platform: WINDOWS, platformName: WINDOWS, proxy: Proxy(), setWindowRect: true, strictFileInteractability: false, timeouts: {implicit: 0, pageLoad: 300000, script: 30000}, unhandledPromptBehavior: dismiss and notify, webauthn:virtualAuthenticators: true}
Session ID: 9d0196e3b46447f913010661fb76cdf6
*** Element info: {Using=xpath, value=//*[contains(text(),&apos;Your personal information&apos;)]}
	at org.openqa.selenium.remote.http.W3CHttpResponseCodec.createException(W3CHttpResponseCodec.java:187)
	at org.openqa.selenium.remote.http.W3CHttpResponseCodec.decode(W3CHttpResponseCodec.java:122)
	at org.openqa.selenium.remote.http.W3CHttpResponseCodec.decode(W3CHttpResponseCodec.java:49)
	at org.openqa.selenium.remote.HttpCommandExecutor.execute(HttpCommandExecutor.java:158)
	at org.openqa.selenium.remote.service.DriverCommandExecutor.execute(DriverCommandExecutor.java:83)
	at org.openqa.selenium.remote.RemoteWebDriver.execute(RemoteWebDriver.java:552)
	at org.openqa.selenium.remote.RemoteWebDriver.findElement(RemoteWebDriver.java:323)
	at org.openqa.selenium.remote.RemoteWebDriver.findElementByXPath(RemoteWebDriver.java:428)
	at org.openqa.selenium.By$ByXPath.findElement(By.java:353)
	at org.openqa.selenium.remote.RemoteWebDriver.findElement(RemoteWebDriver.java:315)
	at org.openqa.selenium.support.ui.ExpectedConditions$7.apply(ExpectedConditions.java:205)
	at org.openqa.selenium.support.ui.ExpectedConditions$7.apply(ExpectedConditions.java:201)
	at org.openqa.selenium.support.ui.FluentWait.until(FluentWait.java:249)
	... 35 more
... Removed 35 stack frames</div></td></tr></table><p class="totop"><a href="#summary">back to summary</a></p>
<h3 id="m1">AP_TestCases.AP_RegressionTest#AT_01_NewAccount</h3><table class="result"><tr class="param"><th>Parameter #1</th></tr><tr class="param stripe"><td>{emailaddress=s@s.com, gender=male, firstname=sumit, lastname=raut, password=pwd}</td></tr><tr><th>Exception</th></tr><tr><td><div class="stacktrace">org.openqa.selenium.TimeoutException: Expected condition failed: waiting for visibility of element located by By.xpath: //*[contains(text(),&apos;Your personal information&apos;)] (tried for 20 second(s) with 500 milliseconds interval)
	at org.openqa.selenium.support.ui.WebDriverWait.timeoutException(WebDriverWait.java:95)
	at org.openqa.selenium.support.ui.FluentWait.until(FluentWait.java:272)
	at Utilities.ElementUtil.waitForElementVisibilityByLocator(ElementUtil.java:70)
	at AP_Pages.AP_AccountCreation.verifyAP_AccountCreation_Visible(AP_AccountCreation.java:25)
	at AP_TestCases.AP_RegressionTest.AT_01_NewAccount(AP_RegressionTest.java:54)
	at java.util.ArrayList.forEach(ArrayList.java:1257)
Caused by: org.openqa.selenium.NoSuchElementException: no such element: Unable to locate element: {&quot;method&quot;:&quot;xpath&quot;,&quot;selector&quot;:&quot;//*[contains(text(),&apos;Your personal information&apos;)]&quot;}
  (Session info: chrome=83.0.4103.61)
For documentation on this error, please visit: https://www.seleniumhq.org/exceptions/no_such_element.html
Build info: version: &apos;3.141.59&apos;, revision: &apos;e82be7d358&apos;, time: &apos;2018-11-14T08:17:03&apos;
System info: host: &apos;DESKTOP-G0D562V&apos;, ip: &apos;192.168.0.8&apos;, os.name: &apos;Windows 10&apos;, os.arch: &apos;amd64&apos;, os.version: &apos;10.0&apos;, java.version: &apos;1.8.0_211&apos;
Driver info: org.openqa.selenium.chrome.ChromeDriver
Capabilities {acceptInsecureCerts: false, browserName: chrome, browserVersion: 83.0.4103.61, chrome: {chromedriverVersion: 83.0.4103.39 (ccbf011cb2d2b..., userDataDir: C:\Users\sunshine\AppData\L...}, goog:chromeOptions: {debuggerAddress: localhost:59933}, javascriptEnabled: true, networkConnectionEnabled: false, pageLoadStrategy: normal, platform: WINDOWS, platformName: WINDOWS, proxy: Proxy(), setWindowRect: true, strictFileInteractability: false, timeouts: {implicit: 0, pageLoad: 300000, script: 30000}, unhandledPromptBehavior: dismiss and notify, webauthn:virtualAuthenticators: true}
Session ID: 5ae29ba90b2c0baf259e5055beb1afc3
*** Element info: {Using=xpath, value=//*[contains(text(),&apos;Your personal information&apos;)]}
	at org.openqa.selenium.remote.http.W3CHttpResponseCodec.createException(W3CHttpResponseCodec.java:187)
	at org.openqa.selenium.remote.http.W3CHttpResponseCodec.decode(W3CHttpResponseCodec.java:122)
	at org.openqa.selenium.remote.http.W3CHttpResponseCodec.decode(W3CHttpResponseCodec.java:49)
	at org.openqa.selenium.remote.HttpCommandExecutor.execute(HttpCommandExecutor.java:158)
	at org.openqa.selenium.remote.service.DriverCommandExecutor.execute(DriverCommandExecutor.java:83)
	at org.openqa.selenium.remote.RemoteWebDriver.execute(RemoteWebDriver.java:552)
	at org.openqa.selenium.remote.RemoteWebDriver.findElement(RemoteWebDriver.java:323)
	at org.openqa.selenium.remote.RemoteWebDriver.findElementByXPath(RemoteWebDriver.java:428)
	at org.openqa.selenium.By$ByXPath.findElement(By.java:353)
	at org.openqa.selenium.remote.RemoteWebDriver.findElement(RemoteWebDriver.java:315)
	at org.openqa.selenium.support.ui.ExpectedConditions$7.apply(ExpectedConditions.java:205)
	at org.openqa.selenium.support.ui.ExpectedConditions$7.apply(ExpectedConditions.java:201)
	at org.openqa.selenium.support.ui.FluentWait.until(FluentWait.java:249)
	... 35 more
... Removed 35 stack frames</div></td></tr></table><p class="totop"><a href="#summary">back to summary</a></p>
<h3 id="m2">WT_Testcases.ExtentDemo#myCase</h3><table class="result"><tr class="param"><th>Parameter #1</th></tr><tr class="param stripe"><td>{username=rautsumit, password=rautsumit}</td></tr><tr><th>Exception</th></tr><tr><td><div class="stacktrace">java.lang.AssertionError: Failed with addFailLog method rautsumitcould not be entered in inutbox
	at Utilities.ElementUtil.addFailLog(ElementUtil.java:402)
	at Utilities.ElementUtil.doSendKeys(ElementUtil.java:300)
	at WT_Pages.WT_LoginPage.enterUsername(WT_LoginPage.java:28)
	at WT_Testcases.ExtentDemo.myCase(ExtentDemo.java:46)
	at java.util.ArrayList.forEach(ArrayList.java:1257)
... Removed 32 stack frames</div></td></tr></table><p class="totop"><a href="#summary">back to summary</a></p>
<h3 id="m3">WT_Testcases.ExtentDemo2#myCase</h3><table class="result"><tr class="param"><th>Parameter #1</th></tr><tr class="param stripe"><td>{username=rautsumit, password=rautsumit}</td></tr><tr><th>Exception</th></tr><tr><td><div class="stacktrace">java.lang.AssertionError: Failed with addFailLog method rautsumitcould not be entered in inutbox
	at Utilities.ElementUtil.addFailLog(ElementUtil.java:402)
	at Utilities.ElementUtil.doSendKeys(ElementUtil.java:300)
	at WT_Pages.WT_LoginPage.enterUsername(WT_LoginPage.java:28)
	at WT_Testcases.ExtentDemo2.myCase(ExtentDemo2.java:51)
	at java.util.ArrayList.forEach(ArrayList.java:1257)
... Removed 32 stack frames</div></td></tr></table><p class="totop"><a href="#summary">back to summary</a></p>
<h3 id="m4">WT_Testcases.WT_RegressionTest#WT_Register</h3><table class="result"><tr class="param"><th>Parameter #1</th></tr><tr class="param stripe"><td>{username=rautsumit, password=rautsumit, type=na, passengers=2, departing_from=London, departing_month=June, departing_day=1, arriving_in=New yok , returning_month=6, returning_day=3, preferences=Business class, airline=Unified Airlines}</td></tr><tr><th>Exception</th></tr><tr><td><div class="stacktrace">java.lang.AssertionError: Failed with addFailLog method rautsumitcould not be entered in inutbox
	at Utilities.ElementUtil.addFailLog(ElementUtil.java:402)
	at Utilities.ElementUtil.doSendKeys(ElementUtil.java:300)
	at WT_Pages.WT_LoginPage.enterUsername(WT_LoginPage.java:28)
	at WT_Testcases.WT_RegressionTest.WT_Register(WT_RegressionTest.java:68)
	at java.util.ArrayList.forEach(ArrayList.java:1257)
... Removed 32 stack frames</div></td></tr></table><p class="totop"><a href="#summary">back to summary</a></p>
<h3 id="m5">WT_Testcases.WT_RegressionTest#myCase</h3><table class="result"><tr class="param"><th>Parameter #1</th></tr><tr class="param stripe"><td>{username=rautsumit, password=rautsumit}</td></tr><tr><th>Exception</th></tr><tr><td><div class="stacktrace">java.lang.AssertionError: Failed with addFailLog method rautsumitcould not be entered in inutbox
	at Utilities.ElementUtil.addFailLog(ElementUtil.java:402)
	at Utilities.ElementUtil.doSendKeys(ElementUtil.java:300)
	at WT_Pages.WT_LoginPage.enterUsername(WT_LoginPage.java:28)
	at WT_Testcases.WT_RegressionTest.myCase(WT_RegressionTest.java:53)
	at java.util.ArrayList.forEach(ArrayList.java:1257)
... Removed 32 stack frames</div></td></tr></table><p class="totop"><a href="#summary">back to summary</a></p>
<h3 id="m6">AP_TestCases.AP_RegressionTest#AT_01_NewAccount</h3><table class="result"><tr class="param"><th>Parameter #1</th></tr><tr class="param stripe"><td>{emailaddress=rautsumit@test.com, gender=male, firstname=sumit, lastname=raut, password=pwd}</td></tr></table><p class="totop"><a href="#summary">back to summary</a></p>
<h3 id="m7">AP_TestCases.AP_RegressionTest#AT_01_NewAccount</h3><table class="result"><tr class="param"><th>Parameter #1</th></tr><tr class="param stripe"><td>{emailaddress=rautsumit@test.com, gender=male, firstname=sumit, lastname=raut, password=pwd}</td></tr></table><p class="totop"><a href="#summary">back to summary</a></p>
<h3 id="m8">AP_TestCases.AP_RegressionTest#AT_01_NewAccount</h3><table class="result"><tr class="param"><th>Parameter #1</th></tr><tr class="param stripe"><td>{emailaddress=rautsumit@test.com, gender=male, firstname=sumit, lastname=raut, password=pwd}</td></tr></table><p class="totop"><a href="#summary">back to summary</a></p>
</body>
</html>
